<?xml version="1.0" encoding="UTF-8"?>
<!-- Generated by org.testng.reporters.JUnitReportReporter -->
<testsuite hostname="admin-PC" name="com.rahul.oracleproject.TestCrm_Page" tests="1" failures="0" timestamp="14 Apr 2018 09:27:36 GMT" time="21.689" errors="0">
  <testcase name="test" time="21.689" classname="com.rahul.oracleproject.TestCrm_Page"/>
</testsuite> <!-- com.rahul.oracleproject.TestCrm_Page -->
